<?xml version="1.0" encoding="UTF-8" standalone="no"?>
<testsuite errors="0" failures="1" name="io.cucumber.core.plugin.JUnitFormatter" skipped="0" tests="1" time="51.782">
    <testcase classname="US1012 kullanici register yapabilmeli" name="TC17 kullanici uygun datalarla register olabilmeli" time="51.232">
        <failure message="Unable to find element with locator By.xpath: //*[text()='Welcome to your account. Here you can manage all of your personal information and orders.']&#10;For documentation on this error, please visit: https://selenium.dev/exceptions/#no_such_element&#10;Build info: version: '4.1.3', revision: '7b1ebf28ef'&#10;System info: host: 'CILGINMIMAR', ip: '192.168.1.115', os.name: 'Windows 10', os.arch: 'amd64', os.version: '10.0', java.version: '11.0.15'&#10;Driver info: driver.version: RemoteWebDriver" type="org.openqa.selenium.NoSuchElementException">
            <![CDATA[Given kullanici "automationUrl" anasayfasindan..............................passed
And user sign in linkine tiklar.............................................passed
And user Create and account bölümüne email adresi girer.....................passed
And Create an Account butonuna basar........................................passed
And user kisisel bilgilerini ve iletisim bilgilerini girer..................passed
And user Register butonuna basar............................................passed
Then hesap olustugunu dogrulayin............................................failed
And sayfayi kapatir.........................................................skipped

StackTrace:
org.openqa.selenium.NoSuchElementException: Unable to find element with locator By.xpath: //*[text()='Welcome to your account. Here you can manage all of your personal information and orders.']
For documentation on this error, please visit: https://selenium.dev/exceptions/#no_such_element
Build info: version: '4.1.3', revision: '7b1ebf28ef'
System info: host: 'CILGINMIMAR', ip: '192.168.1.115', os.name: 'Windows 10', os.arch: 'amd64', os.version: '10.0', java.version: '11.0.15'
Driver info: driver.version: RemoteWebDriver
	at org.openqa.selenium.remote.ElementLocation$ElementFinder$2.findElement(ElementLocation.java:165)
	at org.openqa.selenium.remote.ElementLocation.findElement(ElementLocation.java:60)
	at org.openqa.selenium.remote.RemoteWebDriver.findElement(RemoteWebDriver.java:385)
	at org.openqa.selenium.remote.RemoteWebDriver.findElement(RemoteWebDriver.java:377)
	at org.openqa.selenium.support.pagefactory.DefaultElementLocator.findElement(DefaultElementLocator.java:70)
	at org.openqa.selenium.support.pagefactory.internal.LocatingElementHandler.invoke(LocatingElementHandler.java:39)
	at com.sun.proxy.$Proxy23.isDisplayed(Unknown Source)
	at stepDefinitions.AutomationStepDefinitions.hesap_olustugunu_dogrulayin(AutomationStepDefinitions.java:86)
	at ✽.hesap olustugunu dogrulayin(file:///E:/Yazılım%20projeleri/intelji%20IDE/projelerim/com.Cucumber.Selenium/src/test/resources/features/US1012_AutomationPractice.feature:11)
]]>
        </failure>
    </testcase>
</testsuite>
